This file contains any messages produced by compilers while
running configure, to aid debugging if configure makes a mistake.

It was created by BPSK configure 1.0.0, which was
generated by GNU Autoconf 2.63.  Invocation command line was

  $ ./configure --no-create --no-recursion

## --------- ##
## Platform. ##
## --------- ##

hostname = prototype-six
uname -m = x86_64
uname -r = 2.6.32-358.el6.x86_64
uname -s = Linux
uname -v = #1 SMP Fri Feb 22 00:31:26 UTC 2013

/usr/bin/uname -p = unknown
/bin/uname -X     = unknown

/bin/arch              = x86_64
/usr/bin/arch -k       = unknown
/usr/convex/getsysinfo = unknown
/usr/bin/hostinfo      = unknown
/bin/machine           = unknown
/usr/bin/oslevel       = unknown
/bin/universe          = unknown

PATH: /usr/lib/jvm/java/bin
PATH: /usr/lib/jvm/java/bin
PATH: /sr/lib/jvm/java/bin
PATH: /usr/lib/jvm/java/bin
PATH: /usr/lib/jvm/java/bin
PATH: /sr/lib/jvm/java/bin
PATH: /usr/local/redhawk/core/bin
PATH: /usr/lib64/qt-3.3/bin
PATH: /usr/local/bin
PATH: /usr/bin
PATH: /bin
PATH: /usr/local/sbin
PATH: /usr/sbin
PATH: /sbin
PATH: /home/CyberHawk/bin


## ----------- ##
## Core tests. ##
## ----------- ##

configure:1938: checking for a BSD-compatible install
configure:2006: result: /usr/bin/install -c
configure:2017: checking whether build environment is sane
configure:2077: result: yes
configure:2218: checking for a thread-safe mkdir -p
configure:2257: result: /bin/mkdir -p
configure:2270: checking for gawk
configure:2286: found /usr/bin/gawk
configure:2297: result: gawk
configure:2308: checking whether make sets $(MAKE)
configure:2330: result: yes
configure:2461: checking for gcc
configure:2477: found /usr/bin/gcc
configure:2488: result: gcc
configure:2720: checking for C compiler version
configure:2728: gcc --version >&5
gcc (GCC) 4.4.7 20120313 (Red Hat 4.4.7-4)
Copyright (C) 2010 Free Software Foundation, Inc.
This is free software; see the source for copying conditions.  There is NO
warranty; not even for MERCHANTABILITY or FITNESS FOR A PARTICULAR PURPOSE.

configure:2732: $? = 0
configure:2739: gcc -v >&5
Using built-in specs.
Target: x86_64-redhat-linux
Configured with: ../configure --prefix=/usr --mandir=/usr/share/man --infodir=/usr/share/info --with-bugurl=http://bugzilla.redhat.com/bugzilla --enable-bootstrap --enable-shared --enable-threads=posix --enable-checking=release --with-system-zlib --enable-__cxa_atexit --disable-libunwind-exceptions --enable-gnu-unique-object --enable-languages=c,c++,objc,obj-c++,java,fortran,ada --enable-java-awt=gtk --disable-dssi --with-java-home=/usr/lib/jvm/java-1.5.0-gcj-1.5.0.0/jre --enable-libgcj-multifile --enable-java-maintainer-mode --with-ecj-jar=/usr/share/java/eclipse-ecj.jar --disable-libjava-multilib --with-ppl --with-cloog --with-tune=generic --with-arch_32=i686 --build=x86_64-redhat-linux
Thread model: posix
gcc version 4.4.7 20120313 (Red Hat 4.4.7-4) (GCC) 
configure:2743: $? = 0
configure:2750: gcc -V >&5
gcc: '-V' option must have argument
configure:2754: $? = 1
configure:2777: checking for C compiler default output file name
configure:2799: gcc    conftest.c  >&5
configure:2803: $? = 0
configure:2841: result: a.out
configure:2860: checking whether the C compiler works
configure:2870: ./a.out
configure:2874: $? = 0
configure:2893: result: yes
configure:2900: checking whether we are cross compiling
configure:2902: result: no
configure:2905: checking for suffix of executables
configure:2912: gcc -o conftest    conftest.c  >&5
configure:2916: $? = 0
configure:2942: result: 
configure:2948: checking for suffix of object files
configure:2974: gcc -c   conftest.c >&5
configure:2978: $? = 0
configure:3003: result: o
configure:3007: checking whether we are using the GNU C compiler
configure:3036: gcc -c   conftest.c >&5
configure:3043: $? = 0
configure:3060: result: yes
configure:3069: checking whether gcc accepts -g
configure:3099: gcc -c -g  conftest.c >&5
configure:3106: $? = 0
configure:3207: result: yes
configure:3224: checking for gcc option to accept ISO C89
configure:3298: gcc  -c -g -O2  conftest.c >&5
configure:3305: $? = 0
configure:3328: result: none needed
configure:3357: checking for style of include used by make
configure:3385: result: GNU
configure:3410: checking dependency style of gcc
configure:3520: result: gcc3
configure:3593: checking for g++
configure:3609: found /usr/bin/g++
configure:3620: result: g++
configure:3647: checking for C++ compiler version
configure:3655: g++ --version >&5
g++ (GCC) 4.4.7 20120313 (Red Hat 4.4.7-4)
Copyright (C) 2010 Free Software Foundation, Inc.
This is free software; see the source for copying conditions.  There is NO
warranty; not even for MERCHANTABILITY or FITNESS FOR A PARTICULAR PURPOSE.

configure:3659: $? = 0
configure:3666: g++ -v >&5
Using built-in specs.
Target: x86_64-redhat-linux
Configured with: ../configure --prefix=/usr --mandir=/usr/share/man --infodir=/usr/share/info --with-bugurl=http://bugzilla.redhat.com/bugzilla --enable-bootstrap --enable-shared --enable-threads=posix --enable-checking=release --with-system-zlib --enable-__cxa_atexit --disable-libunwind-exceptions --enable-gnu-unique-object --enable-languages=c,c++,objc,obj-c++,java,fortran,ada --enable-java-awt=gtk --disable-dssi --with-java-home=/usr/lib/jvm/java-1.5.0-gcj-1.5.0.0/jre --enable-libgcj-multifile --enable-java-maintainer-mode --with-ecj-jar=/usr/share/java/eclipse-ecj.jar --disable-libjava-multilib --with-ppl --with-cloog --with-tune=generic --with-arch_32=i686 --build=x86_64-redhat-linux
Thread model: posix
gcc version 4.4.7 20120313 (Red Hat 4.4.7-4) (GCC) 
configure:3670: $? = 0
configure:3677: g++ -V >&5
g++: '-V' option must have argument
configure:3681: $? = 1
configure:3684: checking whether we are using the GNU C++ compiler
configure:3713: g++ -c   conftest.cpp >&5
configure:3720: $? = 0
configure:3737: result: yes
configure:3746: checking whether g++ accepts -g
configure:3776: g++ -c -g  conftest.cpp >&5
configure:3783: $? = 0
configure:3884: result: yes
configure:3909: checking dependency style of g++
configure:4019: result: gcc3
configure:4048: checking for a BSD-compatible install
configure:4116: result: /usr/bin/install -c
configure:4177: checking for pkg-config
configure:4195: found /usr/bin/pkg-config
configure:4207: result: /usr/bin/pkg-config
configure:4232: checking pkg-config is at least version 0.9.0
configure:4235: result: yes
configure:4246: checking for omniORB4
configure:4252: $PKG_CONFIG --exists --print-errors "omniORB4 >= 4.0.0"
configure:4255: $? = 0
configure:4262: result: yes
configure:4307: checking for ossie home
configure:4338: result: /usr/local/redhawk/core
configure:4349: checking build system type
configure:4367: result: x86_64-unknown-linux-gnu
configure:4389: checking host system type
configure:4404: result: x86_64-unknown-linux-gnu
configure:4430: checking gr_libdir_suffix
configure:4451: result: 64
configure:4455: checking whether to append 64 to libdir
configure:4460: result: yes. Setting libdir to ${exec_prefix}/lib64
configure:4470: checking to see ossie is installed
configure:4475: result: /usr/local/redhawk/core
configure:4489: checking for sdr root
configure:4512: result: /var/redhawk/sdr
configure:4531: using /var/redhawk/sdr/ as installation prefix
configure:4555: checking for PROJECTDEPS
configure:4563: $PKG_CONFIG --exists --print-errors "ossie >= 1.10 omniORB4 >= 4.1.0  "
configure:4566: $? = 0
configure:4581: $PKG_CONFIG --exists --print-errors "ossie >= 1.10 omniORB4 >= 4.1.0  "
configure:4584: $? = 0
configure:4662: result: yes
configure:4668: checking for INTERFACEDEPS
configure:4676: $PKG_CONFIG --exists --print-errors "bulkio >= 1.10"
configure:4679: $? = 0
configure:4694: $PKG_CONFIG --exists --print-errors "bulkio >= 1.10"
configure:4697: $? = 0
configure:4775: result: yes
configure:4788: checking for LOG4CXX
configure:4796: $PKG_CONFIG --exists --print-errors "liblog4cxx >= 0.10.0"
configure:4799: $? = 0
configure:4814: $PKG_CONFIG --exists --print-errors "liblog4cxx >= 0.10.0"
configure:4817: $? = 0
configure:4895: result: yes
configure:4979: checking for boostlib >= 1.41
configure:5050: g++ -c -g -O2    -I/usr/include conftest.cpp >&5
configure:5057: $? = 0
configure:5063: result: yes
configure:5315: checking whether the Boost::System library is available
configure:5349: g++ -c -g -O2    -I/usr/include conftest.cpp >&5
configure:5356: $? = 0
configure:5379: result: yes
configure:5396: checking for exit in -lboost_system
configure:5431: gcc -o conftest -g -O2    -I/usr/include  -L/usr/lib64 conftest.c -lboost_system   -llog4cxx   >&5
conftest.c:22: warning: conflicting types for built-in function 'exit'
configure:5438: $? = 0
configure:5461: result: yes
configure:5683: checking whether the Boost::Thread library is available
configure:5725: g++ -c -pthread -g -O2    -I/usr/include conftest.cpp >&5
configure:5732: $? = 0
configure:5755: result: yes
configure:5786: checking for exit in -lboost_thread-mt
configure:5821: gcc -o conftest -g -O2    -I/usr/include  -L/usr/lib64 conftest.c -lboost_thread-mt   -llog4cxx   >&5
conftest.c:23: warning: conflicting types for built-in function 'exit'
configure:5828: $? = 0
configure:5851: result: yes
configure:6080: checking whether the Boost::Regex library is available
configure:6113: g++ -c -g -O2    -pthread -I/usr/include conftest.cpp >&5
configure:6120: $? = 0
configure:6142: result: yes
configure:6155: checking for exit in -lboost_regex-mt
configure:6190: gcc -o conftest -g -O2    -pthread -I/usr/include  -L/usr/lib64 conftest.c -lboost_regex-mt   -llog4cxx   >&5
conftest.c:24: warning: conflicting types for built-in function 'exit'
configure:6197: $? = 0
configure:6220: result: yes
configure:6407: checking for liquid_dsp_v1
configure:6415: $PKG_CONFIG --exists --print-errors "liquid_dsp_v1 >= 1.2.0"
configure:6418: $? = 0
configure:6433: $PKG_CONFIG --exists --print-errors "liquid_dsp_v1 >= 1.2.0"
configure:6436: $? = 0
configure:6476: result: yes
configure:6654: creating ./config.status

## ---------------- ##
## Cache variables. ##
## ---------------- ##

ac_cv_build=x86_64-unknown-linux-gnu
ac_cv_c_compiler_gnu=yes
ac_cv_corba_omniorb4=yes
ac_cv_cxx_compiler_gnu=yes
ac_cv_env_CCC_set=
ac_cv_env_CCC_value=
ac_cv_env_CC_set=
ac_cv_env_CC_value=
ac_cv_env_CFLAGS_set=
ac_cv_env_CFLAGS_value=
ac_cv_env_CPPFLAGS_set=
ac_cv_env_CPPFLAGS_value=
ac_cv_env_CXXFLAGS_set=
ac_cv_env_CXXFLAGS_value=
ac_cv_env_CXX_set=
ac_cv_env_CXX_value=
ac_cv_env_INTERFACEDEPS_CFLAGS_set=
ac_cv_env_INTERFACEDEPS_CFLAGS_value=
ac_cv_env_INTERFACEDEPS_LIBS_set=
ac_cv_env_INTERFACEDEPS_LIBS_value=
ac_cv_env_LDFLAGS_set=
ac_cv_env_LDFLAGS_value=
ac_cv_env_LIBS_set=
ac_cv_env_LIBS_value=
ac_cv_env_LOG4CXX_CFLAGS_set=
ac_cv_env_LOG4CXX_CFLAGS_value=
ac_cv_env_LOG4CXX_LIBS_set=
ac_cv_env_LOG4CXX_LIBS_value=
ac_cv_env_PKG_CONFIG_set=
ac_cv_env_PKG_CONFIG_value=
ac_cv_env_PROJECTDEPS_CFLAGS_set=
ac_cv_env_PROJECTDEPS_CFLAGS_value=
ac_cv_env_PROJECTDEPS_LIBS_set=
ac_cv_env_PROJECTDEPS_LIBS_value=
ac_cv_env_build_alias_set=
ac_cv_env_build_alias_value=
ac_cv_env_host_alias_set=
ac_cv_env_host_alias_value=
ac_cv_env_liquid_dsp_v1_CFLAGS_set=
ac_cv_env_liquid_dsp_v1_CFLAGS_value=
ac_cv_env_liquid_dsp_v1_LIBS_set=
ac_cv_env_liquid_dsp_v1_LIBS_value=
ac_cv_env_target_alias_set=
ac_cv_env_target_alias_value=
ac_cv_host=x86_64-unknown-linux-gnu
ac_cv_lib_boost_regex_mt___exit=yes
ac_cv_lib_boost_system___exit=yes
ac_cv_lib_boost_thread_mt___exit=yes
ac_cv_objext=o
ac_cv_path_ac_pt_PKG_CONFIG=/usr/bin/pkg-config
ac_cv_path_install='/usr/bin/install -c'
ac_cv_path_mkdir=/bin/mkdir
ac_cv_prog_AWK=gawk
ac_cv_prog_ac_ct_CC=gcc
ac_cv_prog_ac_ct_CXX=g++
ac_cv_prog_cc_c89=
ac_cv_prog_cc_g=yes
ac_cv_prog_cxx_g=yes
ac_cv_prog_make_make_set=yes
am_cv_CC_dependencies_compiler_type=gcc3
am_cv_CXX_dependencies_compiler_type=gcc3
ax_cv_boost_regex=yes
ax_cv_boost_system=yes
ax_cv_boost_thread=yes
ossie_cv_ossie_home=/usr/local/redhawk/core
ossie_cv_sdr_root=/var/redhawk/sdr
pkg_cv_INTERFACEDEPS_CFLAGS='-I/usr/local/redhawk/core/include/bulkio -I/usr/local/redhawk/core/include/ossie  '
pkg_cv_INTERFACEDEPS_LIBS='-L/usr/local/redhawk/core/lib64 -lbulkio-1.10 -lbulkioInterfaces  '
pkg_cv_LOG4CXX_CFLAGS=' '
pkg_cv_LOG4CXX_LIBS='-llog4cxx  '
pkg_cv_PROJECTDEPS_CFLAGS='-D__x86_64__ -D__linux__ -D__OSVERSION__=2 -DENABLE_EVENTS=1 -I/usr/local/redhawk/core/include -I/usr/local/redhawk/core/include/ossie -I/usr/local/redhawk/core/share/idl  '
pkg_cv_PROJECTDEPS_LIBS='-L/usr/local/redhawk/core/lib64 -lossiecf -lossieidl -lCOS4 -lomniDynamic4 -lomniORB4 -lomnithread  '
pkg_cv_liquid_dsp_v1_CFLAGS='-I/var/redhawk/sdr/dom/deps/liquid_dsp_v1/cpp/include  '
pkg_cv_liquid_dsp_v1_LIBS='-L/var/redhawk/sdr/dom/deps/liquid_dsp_v1/cpp/lib -lliquid  '

## ----------------- ##
## Output variables. ##
## ----------------- ##

ACLOCAL='${SHELL} /home/CyberHawk/workspace/BPSK/cpp/missing --run aclocal-1.11'
AMDEPBACKSLASH='\'
AMDEP_FALSE='#'
AMDEP_TRUE=''
AMTAR='${SHELL} /home/CyberHawk/workspace/BPSK/cpp/missing --run tar'
AM_BACKSLASH='\'
AM_DEFAULT_VERBOSITY='0'
AUTOCONF='${SHELL} /home/CyberHawk/workspace/BPSK/cpp/missing --run autoconf'
AUTOHEADER='${SHELL} /home/CyberHawk/workspace/BPSK/cpp/missing --run autoheader'
AUTOMAKE='${SHELL} /home/CyberHawk/workspace/BPSK/cpp/missing --run automake-1.11'
AWK='gawk'
BOOST_CPPFLAGS='-pthread -I/usr/include'
BOOST_LDFLAGS='-L/usr/lib64'
BOOST_REGEX_LIB='-lboost_regex-mt'
BOOST_SYSTEM_LIB='-lboost_system'
BOOST_THREAD_LIB='-lboost_thread-mt'
CC='gcc'
CCDEPMODE='depmode=gcc3'
CFLAGS='-g -O2'
CORBA_ORB='omniORB4'
CPPFLAGS='  '
CXX='g++'
CXXDEPMODE='depmode=gcc3'
CXXFLAGS='-g -O2 -I/var/redhawk/sdr/dom/deps/liquid_dsp_v1/cpp/include  '
CYGPATH_W='echo'
DEFS='-DPACKAGE_NAME=\"BPSK\" -DPACKAGE_TARNAME=\"bpsk\" -DPACKAGE_VERSION=\"1.0.0\" -DPACKAGE_STRING=\"BPSK\ 1.0.0\" -DPACKAGE_BUGREPORT=\"\" -DPACKAGE=\"bpsk\" -DVERSION=\"1.0.0\" -DHAVE_OMNIORB4=1 -DHAVE_LOG4CXX=1 -DRH_LOGGER=1 -DHAVE_BOOST=1 -DHAVE_BOOST_SYSTEM=1 -DHAVE_BOOST_THREAD=1 -DHAVE_BOOST_REGEX=1'
DEPDIR='.deps'
ECHO_C=''
ECHO_N='-n'
ECHO_T=''
EXEEXT=''
HAVE_LOG4CXX='-DHAVE_LOG4CXX=1'
INSTALL_DATA='${INSTALL} -m 644'
INSTALL_PROGRAM='${INSTALL}'
INSTALL_SCRIPT='${INSTALL}'
INSTALL_STRIP_PROGRAM='$(install_sh) -c -s'
INTERFACEDEPS_CFLAGS='-I/usr/local/redhawk/core/include/bulkio -I/usr/local/redhawk/core/include/ossie  '
INTERFACEDEPS_LIBS='-L/usr/local/redhawk/core/lib64 -lbulkio-1.10 -lbulkioInterfaces  '
LDFLAGS=''
LIBOBJS=''
LIBS=' -llog4cxx   -L/var/redhawk/sdr/dom/deps/liquid_dsp_v1/cpp/lib -lliquid  '
LOG4CXX_CFLAGS=' '
LOG4CXX_LIBS='-llog4cxx  '
LTLIBOBJS=''
MAKEINFO='${SHELL} /home/CyberHawk/workspace/BPSK/cpp/missing --run makeinfo'
MKDIR_P='/bin/mkdir -p'
OBJEXT='o'
OSSIE_HOME='/usr/local/redhawk/core'
PACKAGE='bpsk'
PACKAGE_BUGREPORT=''
PACKAGE_NAME='BPSK'
PACKAGE_STRING='BPSK 1.0.0'
PACKAGE_TARNAME='bpsk'
PACKAGE_VERSION='1.0.0'
PATH_SEPARATOR=':'
PKG_CONFIG='/usr/bin/pkg-config'
PROJECTDEPS_CFLAGS='-D__x86_64__ -D__linux__ -D__OSVERSION__=2 -DENABLE_EVENTS=1 -I/usr/local/redhawk/core/include -I/usr/local/redhawk/core/include/ossie -I/usr/local/redhawk/core/share/idl  '
PROJECTDEPS_LIBS='-L/usr/local/redhawk/core/lib64 -lossiecf -lossieidl -lCOS4 -lomniDynamic4 -lomniORB4 -lomnithread  '
SDR_ROOT='/var/redhawk/sdr'
SET_MAKE=''
SHELL='/bin/sh'
STRIP=''
VERSION='1.0.0'
WITH_LOG4CXX='yes'
ac_ct_CC='gcc'
ac_ct_CXX='g++'
am__EXEEXT_FALSE=''
am__EXEEXT_TRUE='#'
am__fastdepCC_FALSE='#'
am__fastdepCC_TRUE=''
am__fastdepCXX_FALSE='#'
am__fastdepCXX_TRUE=''
am__include='include'
am__isrc=''
am__leading_dot='.'
am__quote=''
am__tar='${AMTAR} chof - "$$tardir"'
am__untar='${AMTAR} xf -'
bindir='${exec_prefix}/bin'
build='x86_64-unknown-linux-gnu'
build_alias=''
build_cpu='x86_64'
build_os='linux-gnu'
build_vendor='unknown'
datadir='${datarootdir}'
datarootdir='${prefix}/share'
docdir='${datarootdir}/doc/${PACKAGE_TARNAME}'
dvidir='${docdir}'
exec_prefix='${prefix}'
gr_libdir_suffix='64'
host='x86_64-unknown-linux-gnu'
host_alias=''
host_cpu='x86_64'
host_os='linux-gnu'
host_vendor='unknown'
htmldir='${docdir}'
includedir='${prefix}/include'
infodir='${datarootdir}/info'
install_sh='${SHELL} /home/CyberHawk/workspace/BPSK/cpp/install-sh'
libdir='${exec_prefix}/lib64'
libexecdir='${exec_prefix}/libexec'
liquid_dsp_v1_CFLAGS='-I/var/redhawk/sdr/dom/deps/liquid_dsp_v1/cpp/include  '
liquid_dsp_v1_LIBS='-L/var/redhawk/sdr/dom/deps/liquid_dsp_v1/cpp/lib -lliquid  '
localedir='${datarootdir}/locale'
localstatedir='${prefix}/var'
mandir='${datarootdir}/man'
mkdir_p='/bin/mkdir -p'
oldincludedir='/usr/include'
pdfdir='${docdir}'
prefix='/var/redhawk/sdr/'
program_transform_name='s,x,x,'
psdir='${docdir}'
sbindir='${exec_prefix}/sbin'
sharedstatedir='${prefix}/com'
sysconfdir='${prefix}/etc'
target_alias=''

## ----------- ##
## confdefs.h. ##
## ----------- ##

#define PACKAGE_NAME "BPSK"
#define PACKAGE_TARNAME "bpsk"
#define PACKAGE_VERSION "1.0.0"
#define PACKAGE_STRING "BPSK 1.0.0"
#define PACKAGE_BUGREPORT ""
#define PACKAGE "bpsk"
#define VERSION "1.0.0"
#define HAVE_OMNIORB4 1
#define HAVE_LOG4CXX 1
#define RH_LOGGER 1
#define HAVE_BOOST 1
#define HAVE_BOOST_SYSTEM 1
#define HAVE_BOOST_THREAD 1
#define HAVE_BOOST_REGEX 1

configure: exit 0

## ---------------------- ##
## Running config.status. ##
## ---------------------- ##

This file was extended by BPSK config.status 1.0.0, which was
generated by GNU Autoconf 2.63.  Invocation command line was

  CONFIG_FILES    = 
  CONFIG_HEADERS  = 
  CONFIG_LINKS    = 
  CONFIG_COMMANDS = 
  $ ./config.status 

on prototype-six

config.status:727: creating Makefile
config.status:938: executing depfiles commands

## ---------------------- ##
## Running config.status. ##
## ---------------------- ##

This file was extended by BPSK config.status 1.0.0, which was
generated by GNU Autoconf 2.63.  Invocation command line was

  CONFIG_FILES    = 
  CONFIG_HEADERS  = 
  CONFIG_LINKS    = 
  CONFIG_COMMANDS = 
  $ ./config.status Makefile depfiles

on prototype-six

config.status:727: creating Makefile
config.status:938: executing depfiles commands

## ---------------------- ##
## Running config.status. ##
## ---------------------- ##

This file was extended by BPSK config.status 1.0.0, which was
generated by GNU Autoconf 2.63.  Invocation command line was

  CONFIG_FILES    = 
  CONFIG_HEADERS  = 
  CONFIG_LINKS    = 
  CONFIG_COMMANDS = 
  $ ./config.status Makefile depfiles

on prototype-six

config.status:727: creating Makefile
config.status:938: executing depfiles commands

## ---------------------- ##
## Running config.status. ##
## ---------------------- ##

This file was extended by BPSK config.status 1.0.0, which was
generated by GNU Autoconf 2.63.  Invocation command line was

  CONFIG_FILES    = 
  CONFIG_HEADERS  = 
  CONFIG_LINKS    = 
  CONFIG_COMMANDS = 
  $ ./config.status Makefile depfiles

on prototype-six

config.status:727: creating Makefile
config.status:938: executing depfiles commands
